warning: for p.o. reduction to be valid the never claim must be stutter-invariant
(never claims generated from LTL formulae are stutter-invariant)
error: max search depth too small
Depth=    9999 States=   1e+06 Transitions= 2.06671e+06 Memory= 52.802
Depth=    9999 States=   2e+06 Transitions= 4.1524e+06 Memory= 100.828
pan: out of memory
	1.3421e+08 bytes used
	102400 bytes more needed
	1.34218e+08 bytes limit
hint: to reduce memory, recompile with
  -DCOLLAPSE # good, fast compression, or
  -DMA=60   # better/slower compression, or
  -DHC # hash-compaction, approximation
  -DBITSTATE # supertrace, approximation
(Spin Version 4.0.4 -- 12 April 2003)
Warning: Search not completed
	+ Partial Order Reduction

Full statespace search for:
	never-claim         	+
	assertion violations	+ (if within scope of claim)
	acceptance   cycles 	+ (fairness disabled)
	invalid endstates	- (disabled by never-claim)

State-vector 60 byte, depth reached 9999, errors: 0
2.69584e+06 states, stored
2.9064e+06 states, matched
5.60224e+06 transitions (= stored+matched)
     104 atomic steps
hash conflicts: 6.26862e+06 (resolved)
(max size 2^19 states)

Stats on memory usage (in Megabytes):
194.100	equivalent memory usage for states (stored*(State-vector + overhead))
129.646	actual memory usage for states (compression: 66.79%)
	State-vector as stored = 36 byte + 12 byte overhead
4.194 	memory used for hash-table (-w19)
0.480 	memory used for DFS stack (-m10000)
134.210	total actual memory usage

3.07user 0.05system 0:03.15elapsed 98%CPU (0avgtext+0avgdata 132640maxresident)k
192inputs+8outputs (1major+32828minor)pagefaults 0swaps
